<?xml version="1.0" encoding="UTF-8"?>
<testng-results skipped="0" failed="0" total="1" passed="1">
  <reporter-output>
  </reporter-output>
  <suite name="TestProject" duration-ms="31" started-at="2017-03-05T14:21:44Z" finished-at="2017-03-05T14:21:44Z">
    <groups>
    </groups>
    <test name="FirstTest" duration-ms="31" started-at="2017-03-05T14:21:44Z" finished-at="2017-03-05T14:21:44Z">
      <class name="study.test.FirstTest">
        <test-method status="PASS" signature="beforeTest()[pri:0, instance:study.test.FirstTest@180bc464]" name="beforeTest" is-config="true" duration-ms="16" started-at="2017-03-05T17:21:44Z" finished-at="2017-03-05T17:21:44Z">
          <reporter-output>
          </reporter-output>
        </test-method> <!-- beforeTest -->
        <test-method status="PASS" signature="beforeMethod()[pri:0, instance:study.test.FirstTest@180bc464]" name="beforeMethod" is-config="true" duration-ms="0" started-at="2017-03-05T17:21:44Z" finished-at="2017-03-05T17:21:44Z">
          <reporter-output>
          </reporter-output>
        </test-method> <!-- beforeMethod -->
        <test-method status="PASS" signature="test1()[pri:0, instance:study.test.FirstTest@180bc464]" name="test1" duration-ms="0" started-at="2017-03-05T17:21:44Z" finished-at="2017-03-05T17:21:44Z">
          <reporter-output>
          </reporter-output>
        </test-method> <!-- test1 -->
        <test-method status="PASS" signature="beforeClass()[pri:0, instance:study.test.FirstTest@180bc464]" name="beforeClass" is-config="true" duration-ms="0" started-at="2017-03-05T17:21:44Z" finished-at="2017-03-05T17:21:44Z">
          <reporter-output>
          </reporter-output>
        </test-method> <!-- beforeClass -->
        <test-method status="PASS" signature="afterClass()[pri:0, instance:study.test.FirstTest@180bc464]" name="afterClass" is-config="true" duration-ms="0" started-at="2017-03-05T17:21:44Z" finished-at="2017-03-05T17:21:44Z">
          <reporter-output>
          </reporter-output>
        </test-method> <!-- afterClass -->
        <test-method status="PASS" signature="afterMethod()[pri:0, instance:study.test.FirstTest@180bc464]" name="afterMethod" is-config="true" duration-ms="0" started-at="2017-03-05T17:21:44Z" finished-at="2017-03-05T17:21:44Z">
          <reporter-output>
          </reporter-output>
        </test-method> <!-- afterMethod -->
        <test-method status="PASS" signature="afterTest()[pri:0, instance:study.test.FirstTest@180bc464]" name="afterTest" is-config="true" duration-ms="0" started-at="2017-03-05T17:21:44Z" finished-at="2017-03-05T17:21:44Z">
          <reporter-output>
          </reporter-output>
        </test-method> <!-- afterTest -->
      </class> <!-- study.test.FirstTest -->
    </test> <!-- FirstTest -->
  </suite> <!-- TestProject -->
</testng-results>
